<?xml version="1.0" encoding="UTF-8"?>
<!-- Generated by org.testng.reporters.JUnitXMLReporter -->
<testsuite hostname="LAPTOP-KC80PSPC" ignored="0" name="Test" tests="2" failures="1" timestamp="15 Mar 2020 05:54:28 GMT" time="1.044" errors="0">
  <testcase name="test01" time="1.009" classname="com.testcase.Logintest"/>
  <testcase name="test02" time="0.012" classname="com.testcase.Logintest">
    <failure type="java.lang.AssertionError" message="expected [] but found [JavaByKiran | Log in]">
      <![CDATA[java.lang.AssertionError: expected [] but found [JavaByKiran | Log in]
at com.testcase.Logintest.test02(Logintest.java:30)
... Removed 34 stack frames]]>
    </failure>
  </testcase> <!-- test02 -->
</testsuite> <!-- Test -->
