<?xml version="1.0" encoding="UTF-8"?>
<testsuite name="TestSuite" time="1.027" tests="2" errors="0" skipped="0" failures="1">
  <properties>
[...]
</properties>
  <testcase name="test01" classname="com.testcase.Logintest" time="1.012"/>
  <testcase name="test02" classname="com.testcase.Logintest" time="0.015">
    <failure message="expected [] but found [JavaByKiran | Log in]" type="java.lang.AssertionError">java.lang.AssertionError: expected [] but found [JavaByKiran | Log in]
	at org.testng.Assert.fail(Assert.java:96)
	at org.testng.Assert.failNotEquals(Assert.java:776)
	at org.testng.Assert.assertEqualsImpl(Assert.java:137)
	at org.testng.Assert.assertEquals(Assert.java:118)
	at org.testng.Assert.assertEquals(Assert.java:453)
	at org.testng.Assert.assertEquals(Assert.java:463)
	at com.testcase.Logintest.test02(Logintest.java:30)
</failure>
  </testcase>
</testsuite>